0 info it worked if it ends with ok
1 verbose cli [ '/usr/local/bin/node', '/usr/local/bin/npm', 'start' ]
2 info using npm@3.3.4
3 info using node@v4.1.1
4 verbose run-script [ 'prestart', 'start', 'poststart' ]
5 info lifecycle enq@0.0.1~prestart: enq@0.0.1
6 verbose lifecycle enq@0.0.1~prestart: unsafe-perm in lifecycle true
7 verbose lifecycle enq@0.0.1~prestart: PATH: /usr/local/lib/node_modules/npm/bin/node-gyp-bin:/Users/santiagocarullo/Documents/proyfinal/enq_server/node_modules/.bin:/Users/santiagocarullo/.gem/ruby/2.1.2/bin:/Users/santiagocarullo/.rubies/ruby-2.1.2/lib/ruby/gems/2.1.0/bin:/Users/santiagocarullo/.rubies/ruby-2.1.2/bin:/usr/local/bin:/usr/bin:/bin:/usr/sbin:/sbin:/Users/santiagocarullo/Documents/android-sdk-macosx/platform-tools
8 verbose lifecycle enq@0.0.1~prestart: CWD: /Users/santiagocarullo/Documents/proyfinal/enq_server
9 silly lifecycle enq@0.0.1~prestart: Args: [ '-c',
9 silly lifecycle   'killall node ; killall mongod ; mongod --fork --dbpath ./data/db --logpath ./data/log' ]
10 silly lifecycle enq@0.0.1~prestart: Returned: code: 100  signal: null
11 info lifecycle enq@0.0.1~prestart: Failed to exec prestart script
12 verbose stack Error: enq@0.0.1 prestart: `killall node ; killall mongod ; mongod --fork --dbpath ./data/db --logpath ./data/log`
12 verbose stack Exit status 100
12 verbose stack     at EventEmitter.<anonymous> (/usr/local/lib/node_modules/npm/lib/utils/lifecycle.js:233:16)
12 verbose stack     at emitTwo (events.js:87:13)
12 verbose stack     at EventEmitter.emit (events.js:172:7)
12 verbose stack     at ChildProcess.<anonymous> (/usr/local/lib/node_modules/npm/lib/utils/spawn.js:24:14)
12 verbose stack     at emitTwo (events.js:87:13)
12 verbose stack     at ChildProcess.emit (events.js:172:7)
12 verbose stack     at maybeClose (internal/child_process.js:817:16)
12 verbose stack     at Process.ChildProcess._handle.onexit (internal/child_process.js:211:5)
13 verbose pkgid enq@0.0.1
14 verbose cwd /Users/santiagocarullo/Documents/proyfinal/enq_server
15 error Darwin 15.0.0
16 error argv "/usr/local/bin/node" "/usr/local/bin/npm" "start"
17 error node v4.1.1
18 error npm  v3.3.4
19 error code ELIFECYCLE
20 error enq@0.0.1 prestart: `killall node ; killall mongod ; mongod --fork --dbpath ./data/db --logpath ./data/log`
20 error Exit status 100
21 error Failed at the enq@0.0.1 prestart script 'killall node ; killall mongod ; mongod --fork --dbpath ./data/db --logpath ./data/log'.
21 error This is most likely a problem with the enq package,
21 error not with npm itself.
21 error Tell the author that this fails on your system:
21 error     killall node ; killall mongod ; mongod --fork --dbpath ./data/db --logpath ./data/log
21 error You can get their info via:
21 error     npm owner ls enq
21 error There is likely additional logging output above.
22 verbose exit [ 1, true ]
